{"/Users/naeemsmith/Clients/Ology/samples/vue-vuex/src/components/AppGridList.vue": {"path":"/Users/naeemsmith/Clients/Ology/samples/vue-vuex/src/components/AppGridList.vue","statementMap":{"0":{"start":{"line":40,"column":0},"end":{"line":null,"column":-1}},"1":{"start":{"line":41,"column":0},"end":{"line":null,"column":-1}},"2":{"start":{"line":42,"column":0},"end":{"line":null,"column":-1}},"3":{"start":{"line":43,"column":0},"end":{"line":null,"column":-1}},"4":{"start":{"line":52,"column":0},"end":{"line":null,"column":-1}},"5":{"start":{"line":66,"column":0},"end":{"line":null,"column":-1}},"6":{"start":{"line":71,"column":0},"end":{"line":null,"column":-1}}},"fnMap":{"0":{"name":"_default","decl":{"start":{"line":51,"column":0},"end":{"line":null,"column":-1}},"loc":{"start":{"line":51,"column":0},"end":{"line":53,"column":0}}},"1":{"name":"_default","decl":{"start":{"line":65,"column":0},"end":{"line":null,"column":-1}},"loc":{"start":{"line":65,"column":0},"end":{"line":67,"column":0}}},"2":{"name":"data","decl":{"start":{"line":70,"column":0},"end":{"line":null,"column":-1}},"loc":{"start":{"line":70,"column":0},"end":{"line":76,"column":0}}}},"branchMap":{},"s":{"0":0,"1":0,"2":0,"3":0,"4":0,"5":0,"6":0},"f":{"0":0,"1":0,"2":0},"b":{}}
,"/Users/naeemsmith/Clients/Ology/samples/vue-vuex/src/components/AppToggleListView.vue": {"path":"/Users/naeemsmith/Clients/Ology/samples/vue-vuex/src/components/AppToggleListView.vue","statementMap":{"0":{"start":{"line":15,"column":0},"end":{"line":null,"column":-1}},"1":{"start":{"line":26,"column":0},"end":{"line":null,"column":-1}},"2":{"start":{"line":27,"column":0},"end":{"line":null,"column":-1}}},"fnMap":{"0":{"name":"toggleListView","decl":{"start":{"line":25,"column":0},"end":{"line":null,"column":-1}},"loc":{"start":{"line":25,"column":0},"end":{"line":34,"column":0}}}},"branchMap":{"0":{"loc":{"start":{"line":31,"column":0},"end":{"line":null,"column":-1}},"type":"cond-expr","locations":[{"start":{"line":31,"column":0},"end":{"line":null,"column":-1}},{"start":{"line":31,"column":0},"end":{"line":null,"column":-1}}]}},"s":{"0":0,"1":0,"2":0},"f":{"0":0},"b":{"0":[0,0]}}
,"/Users/naeemsmith/Clients/Ology/samples/vue-vuex/src/components/projects/PaginationButton.vue": {"path":"/Users/naeemsmith/Clients/Ology/samples/vue-vuex/src/components/projects/PaginationButton.vue","statementMap":{"0":{"start":{"line":9,"column":0},"end":{"line":null,"column":-1}},"1":{"start":{"line":10,"column":0},"end":{"line":null,"column":-1}},"2":{"start":{"line":11,"column":0},"end":{"line":null,"column":-1}},"3":{"start":{"line":21,"column":0},"end":{"line":null,"column":-1}},"4":{"start":{"line":30,"column":0},"end":{"line":null,"column":-1}}},"fnMap":{"0":{"name":"_default","decl":{"start":{"line":20,"column":0},"end":{"line":null,"column":-1}},"loc":{"start":{"line":20,"column":0},"end":{"line":22,"column":0}}},"1":{"name":"data","decl":{"start":{"line":29,"column":0},"end":{"line":null,"column":-1}},"loc":{"start":{"line":29,"column":0},"end":{"line":31,"column":0}}}},"branchMap":{},"s":{"0":1,"1":1,"2":1,"3":1,"4":1},"f":{"0":1,"1":1},"b":{}}
,"/Users/naeemsmith/Clients/Ology/samples/vue-vuex/src/components/projects/ProjectCard.vue": {"path":"/Users/naeemsmith/Clients/Ology/samples/vue-vuex/src/components/projects/ProjectCard.vue","statementMap":{"0":{"start":{"line":21,"column":0},"end":{"line":null,"column":-1}},"1":{"start":{"line":22,"column":0},"end":{"line":null,"column":-1}},"2":{"start":{"line":23,"column":0},"end":{"line":null,"column":-1}},"3":{"start":{"line":25,"column":0},"end":{"line":null,"column":-1}},"4":{"start":{"line":43,"column":0},"end":{"line":null,"column":-1}},"5":{"start":{"line":49,"column":0},"end":{"line":null,"column":-1}}},"fnMap":{"0":{"name":"data","decl":{"start":{"line":42,"column":0},"end":{"line":null,"column":-1}},"loc":{"start":{"line":42,"column":0},"end":{"line":46,"column":0}}},"1":{"name":"showDetails","decl":{"start":{"line":48,"column":0},"end":{"line":null,"column":-1}},"loc":{"start":{"line":48,"column":0},"end":{"line":53,"column":0}}}},"branchMap":{},"s":{"0":1,"1":1,"2":1,"3":1,"4":1,"5":1},"f":{"0":1,"1":1},"b":{}}
,"/Users/naeemsmith/Clients/Ology/samples/vue-vuex/src/components/projects/ProjectDetail.vue": {"path":"/Users/naeemsmith/Clients/Ology/samples/vue-vuex/src/components/projects/ProjectDetail.vue","statementMap":{"0":{"start":{"line":44,"column":0},"end":{"line":null,"column":-1}},"1":{"start":{"line":45,"column":0},"end":{"line":null,"column":-1}},"2":{"start":{"line":46,"column":0},"end":{"line":null,"column":-1}},"3":{"start":{"line":47,"column":0},"end":{"line":null,"column":-1}},"4":{"start":{"line":49,"column":0},"end":{"line":null,"column":-1}},"5":{"start":{"line":59,"column":0},"end":{"line":null,"column":-1}},"6":{"start":{"line":73,"column":0},"end":{"line":null,"column":-1}},"7":{"start":{"line":76,"column":0},"end":{"line":null,"column":-1}}},"fnMap":{"0":{"name":"image","decl":{"start":{"line":58,"column":0},"end":{"line":null,"column":-1}},"loc":{"start":{"line":58,"column":0},"end":{"line":60,"column":0}}},"1":{"name":"getProject","decl":{"start":{"line":72,"column":0},"end":{"line":null,"column":-1}},"loc":{"start":{"line":72,"column":0},"end":{"line":74,"column":0}}},"2":{"name":"back","decl":{"start":{"line":75,"column":0},"end":{"line":null,"column":-1}},"loc":{"start":{"line":75,"column":0},"end":{"line":79,"column":0}}}},"branchMap":{},"s":{"0":0,"1":0,"2":0,"3":0,"4":0,"5":0,"6":0,"7":0},"f":{"0":0,"1":0,"2":0},"b":{}}
,"/Users/naeemsmith/Clients/Ology/samples/vue-vuex/src/components/projects/ProjectList.vue": {"path":"/Users/naeemsmith/Clients/Ology/samples/vue-vuex/src/components/projects/ProjectList.vue","statementMap":{"0":{"start":{"line":47,"column":0},"end":{"line":null,"column":-1}},"1":{"start":{"line":49,"column":0},"end":{"line":null,"column":-1}},"2":{"start":{"line":50,"column":0},"end":{"line":null,"column":-1}},"3":{"start":{"line":51,"column":0},"end":{"line":null,"column":-1}},"4":{"start":{"line":52,"column":0},"end":{"line":null,"column":-1}},"5":{"start":{"line":53,"column":0},"end":{"line":null,"column":-1}},"6":{"start":{"line":69,"column":0},"end":{"line":null,"column":-1}},"7":{"start":{"line":83,"column":0},"end":{"line":null,"column":-1}},"8":{"start":{"line":84,"column":0},"end":{"line":null,"column":-1}},"9":{"start":{"line":87,"column":0},"end":{"line":null,"column":-1}},"10":{"start":{"line":88,"column":0},"end":{"line":null,"column":-1}}},"fnMap":{"0":{"name":"mounted","decl":{"start":{"line":68,"column":0},"end":{"line":null,"column":-1}},"loc":{"start":{"line":68,"column":0},"end":{"line":70,"column":0}}},"1":{"name":"nextPage","decl":{"start":{"line":82,"column":0},"end":{"line":null,"column":-1}},"loc":{"start":{"line":82,"column":0},"end":{"line":85,"column":0}}},"2":{"name":"listView","decl":{"start":{"line":86,"column":0},"end":{"line":null,"column":-1}},"loc":{"start":{"line":86,"column":0},"end":{"line":95,"column":0}}}},"branchMap":{},"s":{"0":0,"1":0,"2":0,"3":0,"4":0,"5":0,"6":0,"7":0,"8":0,"9":0,"10":0},"f":{"0":0,"1":0,"2":0},"b":{}}
,"/Users/naeemsmith/Clients/Ology/samples/vue-vuex/src/components/projects/ProjectRow.vue": {"path":"/Users/naeemsmith/Clients/Ology/samples/vue-vuex/src/components/projects/ProjectRow.vue","statementMap":{"0":{"start":{"line":21,"column":0},"end":{"line":null,"column":-1}},"1":{"start":{"line":22,"column":0},"end":{"line":null,"column":-1}},"2":{"start":{"line":23,"column":0},"end":{"line":null,"column":-1}},"3":{"start":{"line":25,"column":0},"end":{"line":null,"column":-1}},"4":{"start":{"line":43,"column":0},"end":{"line":null,"column":-1}},"5":{"start":{"line":49,"column":0},"end":{"line":null,"column":-1}}},"fnMap":{"0":{"name":"data","decl":{"start":{"line":42,"column":0},"end":{"line":null,"column":-1}},"loc":{"start":{"line":42,"column":0},"end":{"line":46,"column":0}}},"1":{"name":"showDetails","decl":{"start":{"line":48,"column":0},"end":{"line":null,"column":-1}},"loc":{"start":{"line":48,"column":0},"end":{"line":53,"column":0}}}},"branchMap":{},"s":{"0":1,"1":1,"2":1,"3":1,"4":1,"5":1},"f":{"0":1,"1":1},"b":{}}
,"/Users/naeemsmith/Clients/Ology/samples/vue-vuex/src/filters/index.js": {"path":"/Users/naeemsmith/Clients/Ology/samples/vue-vuex/src/filters/index.js","statementMap":{"0":{"start":{"line":6,"column":2},"end":{"line":8,"column":3}},"1":{"start":{"line":7,"column":4},"end":{"line":7,"column":13}},"2":{"start":{"line":9,"column":2},"end":{"line":9,"column":15}},"3":{"start":{"line":13,"column":2},"end":{"line":13,"column":43}},"4":{"start":{"line":17,"column":2},"end":{"line":17,"column":37}}},"fnMap":{"0":{"name":"pluralize","decl":{"start":{"line":5,"column":16},"end":{"line":5,"column":25}},"loc":{"start":{"line":5,"column":48},"end":{"line":10,"column":1}},"line":5},"1":{"name":"truncate","decl":{"start":{"line":12,"column":16},"end":{"line":12,"column":24}},"loc":{"start":{"line":12,"column":39},"end":{"line":14,"column":1}},"line":12},"2":{"name":"capitalize","decl":{"start":{"line":16,"column":16},"end":{"line":16,"column":26}},"loc":{"start":{"line":16,"column":36},"end":{"line":18,"column":1}},"line":16}},"branchMap":{"0":{"loc":{"start":{"line":5,"column":34},"end":{"line":5,"column":46}},"type":"default-arg","locations":[{"start":{"line":5,"column":43},"end":{"line":5,"column":46}}],"line":5},"1":{"loc":{"start":{"line":6,"column":2},"end":{"line":8,"column":3}},"type":"if","locations":[{"start":{"line":6,"column":2},"end":{"line":8,"column":3}},{"start":{"line":6,"column":2},"end":{"line":8,"column":3}}],"line":6}},"s":{"0":3,"1":1,"2":2,"3":5,"4":5},"f":{"0":3,"1":5,"2":5},"b":{"0":[2],"1":[1,2]},"_coverageSchema":"332fd63041d2c1bcb487cc26dd0d5f7d97098a6c","hash":"01d16f4eb3a6a94e8b6d35cf2cde6bd233c8c843"}
,"/Users/naeemsmith/Clients/Ology/samples/vue-vuex/src/mixins/index.js": {"path":"/Users/naeemsmith/Clients/Ology/samples/vue-vuex/src/mixins/index.js","statementMap":{"0":{"start":{"line":1,"column":23},"end":{"line":25,"column":1}},"1":{"start":{"line":3,"column":18},"end":{"line":3,"column":44}},"2":{"start":{"line":4,"column":19},"end":{"line":4,"column":21}},"3":{"start":{"line":6,"column":4},"end":{"line":13,"column":5}},"4":{"start":{"line":7,"column":6},"end":{"line":11,"column":7}},"5":{"start":{"line":8,"column":22},"end":{"line":8,"column":44}},"6":{"start":{"line":9,"column":25},"end":{"line":9,"column":71}},"7":{"start":{"line":10,"column":8},"end":{"line":10,"column":41}},"8":{"start":{"line":12,"column":6},"end":{"line":12,"column":31}},"9":{"start":{"line":15,"column":19},"end":{"line":19,"column":5}},"10":{"start":{"line":21,"column":4},"end":{"line":23,"column":5}}},"fnMap":{},"branchMap":{"0":{"loc":{"start":{"line":6,"column":4},"end":{"line":13,"column":5}},"type":"if","locations":[{"start":{"line":6,"column":4},"end":{"line":13,"column":5}},{"start":{"line":6,"column":4},"end":{"line":13,"column":5}}],"line":6}},"s":{"0":2,"1":2,"2":2,"3":2,"4":0,"5":0,"6":0,"7":0,"8":0,"9":2,"10":2},"f":{},"b":{"0":[0,2]},"_coverageSchema":"332fd63041d2c1bcb487cc26dd0d5f7d97098a6c","hash":"0e7b67f1b0e04a397fa4bdfa004af10d0da92b25"}
,"/Users/naeemsmith/Clients/Ology/samples/vue-vuex/src/store/index.js": {"path":"/Users/naeemsmith/Clients/Ology/samples/vue-vuex/src/store/index.js","statementMap":{"0":{"start":{"line":1,"column":0},"end":{"line":null,"column":-1}},"1":{"start":{"line":2,"column":0},"end":{"line":null,"column":-1}},"2":{"start":{"line":4,"column":0},"end":{"line":null,"column":-1}},"3":{"start":{"line":5,"column":0},"end":{"line":null,"column":-1}},"4":{"start":{"line":6,"column":0},"end":{"line":null,"column":-1}}},"fnMap":{},"branchMap":{},"s":{"0":0,"1":0,"2":0,"3":0,"4":0},"f":{},"b":{}}
,"/Users/naeemsmith/Clients/Ology/samples/vue-vuex/src/store/modules/breakpoints.js": {"path":"/Users/naeemsmith/Clients/Ology/samples/vue-vuex/src/store/modules/breakpoints.js","statementMap":{"0":{"start":{"line":1,"column":0},"end":{"line":null,"column":-1}},"1":{"start":{"line":3,"column":14},"end":{"line":3,"column":0}},"2":{"start":{"line":7,"column":16},"end":{"line":7,"column":0}},"3":{"start":{"line":9,"column":4},"end":{"line":null,"column":-1}},"4":{"start":{"line":12,"column":4},"end":{"line":null,"column":-1}},"5":{"start":{"line":16,"column":18},"end":{"line":16,"column":0}},"6":{"start":{"line":17,"column":36},"end":{"line":17,"column":35}},"7":{"start":{"line":18,"column":4},"end":{"line":null,"column":-1}},"8":{"start":{"line":22,"column":16},"end":{"line":22,"column":0}},"9":{"start":{"line":23,"column":37},"end":{"line":23,"column":36}},"10":{"start":{"line":24,"column":4},"end":{"line":null,"column":-1}}},"fnMap":{"0":{"name":"isMobile","decl":{"start":{"line":7,"column":16},"end":{"line":8,"column":11}},"loc":{"start":{"line":8,"column":19},"end":{"line":7,"column":16}}},"1":{"name":"isDesktop","decl":{"start":{"line":7,"column":16},"end":{"line":11,"column":12}},"loc":{"start":{"line":11,"column":20},"end":{"line":7,"column":16}}},"2":{"name":"setIsMobile","decl":{"start":{"line":16,"column":18},"end":{"line":17,"column":14}},"loc":{"start":{"line":17,"column":36},"end":{"line":16,"column":18}}},"3":{"name":"setIsMobile","decl":{"start":{"line":22,"column":16},"end":{"line":23,"column":26}},"loc":{"start":{"line":23,"column":37},"end":{"line":22,"column":16}}}},"branchMap":{},"s":{"0":0,"1":0,"2":0,"3":0,"4":0,"5":0,"6":0,"7":0,"8":0,"9":0,"10":0},"f":{"0":0,"1":0,"2":0,"3":0},"b":{}}
,"/Users/naeemsmith/Clients/Ology/samples/vue-vuex/src/store/modules/projects.js": {"path":"/Users/naeemsmith/Clients/Ology/samples/vue-vuex/src/store/modules/projects.js","statementMap":{"0":{"start":{"line":6,"column":14},"end":{"line":13,"column":1}},"1":{"start":{"line":15,"column":23},"end":{"line":52,"column":1}},"2":{"start":{"line":17,"column":4},"end":{"line":17,"column":40}},"3":{"start":{"line":18,"column":4},"end":{"line":18,"column":57}},"4":{"start":{"line":19,"column":4},"end":{"line":19,"column":52}},"5":{"start":{"line":20,"column":4},"end":{"line":29,"column":5}},"6":{"start":{"line":21,"column":6},"end":{"line":25,"column":14}},"7":{"start":{"line":22,"column":25},"end":{"line":22,"column":42}},"8":{"start":{"line":23,"column":8},"end":{"line":23,"column":60}},"9":{"start":{"line":24,"column":8},"end":{"line":24,"column":45}},"10":{"start":{"line":27,"column":6},"end":{"line":27,"column":43}},"11":{"start":{"line":28,"column":6},"end":{"line":28,"column":58}},"12":{"start":{"line":32,"column":4},"end":{"line":32,"column":40}},"13":{"start":{"line":33,"column":4},"end":{"line":35,"column":5}},"14":{"start":{"line":34,"column":6},"end":{"line":34,"column":29}},"15":{"start":{"line":36,"column":4},"end":{"line":45,"column":5}},"16":{"start":{"line":37,"column":6},"end":{"line":42,"column":14}},"17":{"start":{"line":38,"column":25},"end":{"line":38,"column":42}},"18":{"start":{"line":39,"column":8},"end":{"line":39,"column":53}},"19":{"start":{"line":40,"column":8},"end":{"line":40,"column":58}},"20":{"start":{"line":41,"column":8},"end":{"line":41,"column":45}},"21":{"start":{"line":44,"column":6},"end":{"line":44,"column":43}},"22":{"start":{"line":48,"column":4},"end":{"line":48,"column":52}},"23":{"start":{"line":49,"column":4},"end":{"line":49,"column":47}},"24":{"start":{"line":50,"column":4},"end":{"line":50,"column":47}},"25":{"start":{"line":54,"column":25},"end":{"line":77,"column":1}},"26":{"start":{"line":56,"column":4},"end":{"line":56,"column":27}},"27":{"start":{"line":59,"column":4},"end":{"line":59,"column":38}},"28":{"start":{"line":62,"column":4},"end":{"line":62,"column":50}},"29":{"start":{"line":65,"column":4},"end":{"line":65,"column":54}},"30":{"start":{"line":68,"column":4},"end":{"line":68,"column":64}},"31":{"start":{"line":69,"column":4},"end":{"line":69,"column":41}},"32":{"start":{"line":72,"column":4},"end":{"line":72,"column":34}},"33":{"start":{"line":75,"column":4},"end":{"line":75,"column":38}},"34":{"start":{"line":79,"column":23},"end":{"line":98,"column":1}},"35":{"start":{"line":81,"column":4},"end":{"line":81,"column":24}},"36":{"start":{"line":84,"column":4},"end":{"line":84,"column":30}},"37":{"start":{"line":87,"column":4},"end":{"line":87,"column":32}},"38":{"start":{"line":90,"column":4},"end":{"line":90,"column":39}},"39":{"start":{"line":93,"column":4},"end":{"line":93,"column":24}},"40":{"start":{"line":96,"column":4},"end":{"line":96,"column":27}}},"fnMap":{"0":{"name":"(anonymous_0)","decl":{"start":{"line":21,"column":17},"end":{"line":21,"column":18}},"loc":{"start":{"line":21,"column":23},"end":{"line":25,"column":7}},"line":21},"1":{"name":"(anonymous_1)","decl":{"start":{"line":37,"column":17},"end":{"line":37,"column":18}},"loc":{"start":{"line":37,"column":23},"end":{"line":42,"column":7}},"line":37}},"branchMap":{"0":{"loc":{"start":{"line":33,"column":4},"end":{"line":35,"column":5}},"type":"if","locations":[{"start":{"line":33,"column":4},"end":{"line":35,"column":5}},{"start":{"line":33,"column":4},"end":{"line":35,"column":5}}],"line":33}},"s":{"0":1,"1":1,"2":0,"3":0,"4":0,"5":0,"6":0,"7":0,"8":0,"9":0,"10":0,"11":0,"12":1,"13":1,"14":0,"15":1,"16":1,"17":0,"18":0,"19":0,"20":0,"21":0,"22":0,"23":0,"24":0,"25":1,"26":0,"27":0,"28":0,"29":0,"30":0,"31":0,"32":1,"33":0,"34":1,"35":0,"36":0,"37":0,"38":0,"39":1,"40":0},"f":{"0":0,"1":0},"b":{"0":[0,1]},"_coverageSchema":"332fd63041d2c1bcb487cc26dd0d5f7d97098a6c","hash":"b4bfe5db48ae2eff424ca1c3abb84eca355f6271"}
,"/Users/naeemsmith/Clients/Ology/samples/vue-vuex/src/store/modules/routing.js": {"path":"/Users/naeemsmith/Clients/Ology/samples/vue-vuex/src/store/modules/routing.js","statementMap":{"0":{"start":{"line":1,"column":0},"end":{"line":null,"column":-1}},"1":{"start":{"line":4,"column":14},"end":{"line":4,"column":0}},"2":{"start":{"line":8,"column":13},"end":{"line":8,"column":7}},"3":{"start":{"line":9,"column":28},"end":{"line":9,"column":27}},"4":{"start":{"line":10,"column":4},"end":{"line":null,"column":-1}},"5":{"start":{"line":12,"column":27},"end":{"line":12,"column":26}},"6":{"start":{"line":13,"column":4},"end":{"line":null,"column":-1}},"7":{"start":{"line":17,"column":13},"end":{"line":17,"column":7}},"8":{"start":{"line":18,"column":31},"end":{"line":18,"column":30}},"9":{"start":{"line":19,"column":4},"end":{"line":null,"column":-1}},"10":{"start":{"line":23,"column":13},"end":{"line":23,"column":7}},"11":{"start":{"line":25,"column":4},"end":{"line":null,"column":-1}}},"fnMap":{"0":{"name":"startLoading","decl":{"start":{"line":8,"column":23},"end":{"line":9,"column":27}},"loc":{"start":{"line":9,"column":28},"end":{"line":8,"column":23}}},"1":{"name":"stopLoading","decl":{"start":{"line":8,"column":23},"end":{"line":12,"column":26}},"loc":{"start":{"line":12,"column":27},"end":{"line":8,"column":23}}},"2":{"name":"loading","decl":{"start":{"line":17,"column":25},"end":{"line":18,"column":10}},"loc":{"start":{"line":18,"column":31},"end":{"line":17,"column":25}}},"3":{"name":"loading","decl":{"start":{"line":23,"column":23},"end":{"line":24,"column":10}},"loc":{"start":{"line":24,"column":18},"end":{"line":23,"column":23}}}},"branchMap":{},"s":{"0":0,"1":0,"2":0,"3":0,"4":0,"5":0,"6":0,"7":0,"8":0,"9":0,"10":0,"11":0},"f":{"0":0,"1":0,"2":0,"3":0},"b":{}}
}
