TN:
SF:/Users/naeemsmith/Clients/Ology/samples/vue-vuex/src/components/AppGridList.vue
FN:51,_default
FN:65,_default
FN:70,data
FNF:3
FNH:0
FNDA:0,_default
FNDA:0,_default
FNDA:0,data
DA:40,0
DA:41,0
DA:42,0
DA:43,0
DA:52,0
DA:66,0
DA:71,0
LF:7
LH:0
BRF:0
BRH:0
end_of_record
TN:
SF:/Users/naeemsmith/Clients/Ology/samples/vue-vuex/src/components/AppToggleListView.vue
FN:25,toggleListView
FNF:1
FNH:0
FNDA:0,toggleListView
DA:15,0
DA:26,0
DA:27,0
LF:3
LH:0
BRDA:31,0,0,0
BRDA:31,0,1,0
BRF:2
BRH:0
end_of_record
TN:
SF:/Users/naeemsmith/Clients/Ology/samples/vue-vuex/src/components/projects/PaginationButton.vue
FN:20,_default
FN:29,data
FNF:2
FNH:2
FNDA:1,_default
FNDA:1,data
DA:9,1
DA:10,1
DA:11,1
DA:21,1
DA:30,1
LF:5
LH:5
BRF:0
BRH:0
end_of_record
TN:
SF:/Users/naeemsmith/Clients/Ology/samples/vue-vuex/src/components/projects/ProjectCard.vue
FN:42,data
FN:48,showDetails
FNF:2
FNH:2
FNDA:1,data
FNDA:1,showDetails
DA:21,1
DA:22,1
DA:23,1
DA:25,1
DA:43,1
DA:49,1
LF:6
LH:6
BRF:0
BRH:0
end_of_record
TN:
SF:/Users/naeemsmith/Clients/Ology/samples/vue-vuex/src/components/projects/ProjectDetail.vue
FN:58,image
FN:72,getProject
FN:75,back
FNF:3
FNH:0
FNDA:0,image
FNDA:0,getProject
FNDA:0,back
DA:44,0
DA:45,0
DA:46,0
DA:47,0
DA:49,0
DA:59,0
DA:73,0
DA:76,0
LF:8
LH:0
BRF:0
BRH:0
end_of_record
TN:
SF:/Users/naeemsmith/Clients/Ology/samples/vue-vuex/src/components/projects/ProjectList.vue
FN:68,mounted
FN:82,nextPage
FN:86,listView
FNF:3
FNH:0
FNDA:0,mounted
FNDA:0,nextPage
FNDA:0,listView
DA:47,0
DA:49,0
DA:50,0
DA:51,0
DA:52,0
DA:53,0
DA:69,0
DA:83,0
DA:84,0
DA:87,0
DA:88,0
LF:11
LH:0
BRF:0
BRH:0
end_of_record
TN:
SF:/Users/naeemsmith/Clients/Ology/samples/vue-vuex/src/components/projects/ProjectRow.vue
FN:42,data
FN:48,showDetails
FNF:2
FNH:2
FNDA:1,data
FNDA:1,showDetails
DA:21,1
DA:22,1
DA:23,1
DA:25,1
DA:43,1
DA:49,1
LF:6
LH:6
BRF:0
BRH:0
end_of_record
TN:
SF:/Users/naeemsmith/Clients/Ology/samples/vue-vuex/src/filters/index.js
FN:5,pluralize
FN:12,truncate
FN:16,capitalize
FNF:3
FNH:3
FNDA:3,pluralize
FNDA:5,truncate
FNDA:5,capitalize
DA:6,3
DA:7,1
DA:9,2
DA:13,5
DA:17,5
LF:5
LH:5
BRDA:5,0,0,2
BRDA:6,1,0,1
BRDA:6,1,1,2
BRF:3
BRH:3
end_of_record
TN:
SF:/Users/naeemsmith/Clients/Ology/samples/vue-vuex/src/mixins/index.js
FNF:0
FNH:0
DA:1,2
DA:3,2
DA:4,2
DA:6,2
DA:7,0
DA:8,0
DA:9,0
DA:10,0
DA:12,0
DA:15,2
DA:21,2
LF:11
LH:6
BRDA:6,0,0,0
BRDA:6,0,1,2
BRF:2
BRH:1
end_of_record
TN:
SF:/Users/naeemsmith/Clients/Ology/samples/vue-vuex/src/store/index.js
FNF:0
FNH:0
DA:1,0
DA:2,0
DA:4,0
DA:5,0
DA:6,0
LF:5
LH:0
BRF:0
BRH:0
end_of_record
TN:
SF:/Users/naeemsmith/Clients/Ology/samples/vue-vuex/src/store/modules/breakpoints.js
FN:7,isMobile
FN:7,isDesktop
FN:16,setIsMobile
FN:22,setIsMobile
FNF:4
FNH:0
FNDA:0,isMobile
FNDA:0,isDesktop
FNDA:0,setIsMobile
FNDA:0,setIsMobile
DA:1,0
DA:3,0
DA:7,0
DA:9,0
DA:12,0
DA:16,0
DA:17,0
DA:18,0
DA:22,0
DA:23,0
DA:24,0
LF:11
LH:0
BRF:0
BRH:0
end_of_record
TN:
SF:/Users/naeemsmith/Clients/Ology/samples/vue-vuex/src/store/modules/projects.js
FN:21,(anonymous_0)
FN:37,(anonymous_1)
FNF:2
FNH:0
FNDA:0,(anonymous_0)
FNDA:0,(anonymous_1)
DA:6,1
DA:15,1
DA:17,0
DA:18,0
DA:19,0
DA:20,0
DA:21,0
DA:22,0
DA:23,0
DA:24,0
DA:27,0
DA:28,0
DA:32,1
DA:33,1
DA:34,0
DA:36,1
DA:37,1
DA:38,0
DA:39,0
DA:40,0
DA:41,0
DA:44,0
DA:48,0
DA:49,0
DA:50,0
DA:54,1
DA:56,0
DA:59,0
DA:62,0
DA:65,0
DA:68,0
DA:69,0
DA:72,1
DA:75,0
DA:79,1
DA:81,0
DA:84,0
DA:87,0
DA:90,0
DA:93,1
DA:96,0
LF:41
LH:10
BRDA:33,0,0,0
BRDA:33,0,1,1
BRF:2
BRH:1
end_of_record
TN:
SF:/Users/naeemsmith/Clients/Ology/samples/vue-vuex/src/store/modules/routing.js
FN:8,startLoading
FN:8,stopLoading
FN:17,loading
FN:23,loading
FNF:4
FNH:0
FNDA:0,startLoading
FNDA:0,stopLoading
FNDA:0,loading
FNDA:0,loading
DA:1,0
DA:4,0
DA:8,0
DA:9,0
DA:10,0
DA:12,0
DA:13,0
DA:17,0
DA:18,0
DA:19,0
DA:23,0
DA:25,0
LF:12
LH:0
BRF:0
BRH:0
end_of_record
